<?xml version="1.0" encoding="UTF-8"?>
<!-- Generated by org.testng.reporters.JUnitReportReporter -->
<testsuite hostname="sandhiya" failures="0" tests="1" name="day.sandy" time="11.829" errors="0" timestamp="2024-06-27T14:27:12 IST" skipped="0">
  <testcase classname="day.sandy" name="testng" time="11.829"/>
</testsuite> <!-- day.sandy -->
