<?xml version="1.0" encoding="UTF-8"?>
<!-- Generated by org.testng.reporters.JUnitReportReporter -->
<testsuite hostname="sandhiya" failures="0" tests="1" name="testng.day3" time="0.003" errors="0" timestamp="2024-06-27T11:59:44 IST" skipped="0">
  <testcase classname="testng.day3" name="A" time="0.003"/>
</testsuite> <!-- testng.day3 -->
