<?xml version="1.0" encoding="UTF-8"?>
<!-- Generated by org.testng.reporters.JUnitReportReporter -->
<testsuite hostname="sandhiya" failures="0" tests="2" name="Sandhiya.practice_selenium.testngdemo" time="0.021" errors="0" timestamp="2024-06-26T21:54:22 IST" skipped="0">
  <testcase classname="Sandhiya.practice_selenium.testngdemo" name="firstTest" time="0.019"/>
  <testcase classname="Sandhiya.practice_selenium.testngdemo" name="secondTest" time="0.002"/>
</testsuite> <!-- Sandhiya.practice_selenium.testngdemo -->
