<?xml version="1.0" encoding="UTF-8"?>
<!-- Generated by org.testng.reporters.JUnitReportReporter -->
<testsuite hostname="sandhiya" failures="0" tests="1" name="testng.day2" time="0.002" errors="0" timestamp="2024-06-27T11:59:44 IST" skipped="0">
  <testcase classname="testng.day2" name="third" time="0.002"/>
</testsuite> <!-- testng.day2 -->
